# JRE version: OpenJDK Runtime Environment (11.0.15) (build 11.0.15+0-b2043.56-9505619)
# Java VM: OpenJDK 64-Bit Server VM (11.0.15+0-b2043.56-9505619, mixed mode, tiered, compressed oops, g1 gc, windows-amd64)
Heap:
 garbage-first heap   total 496640K, used 142543K [0x0000000080000000, 0x0000000100000000)
  region size 1024K, 17 young (17408K), 2 survivors (2048K)
 Metaspace       used 147523K, capacity 152192K, committed 156160K, reserved 1183744K
  class space    used 17989K, capacity 19909K, committed 21760K, reserved 1048576K
GC Heap History (20 events):
Event: 21242.755 GC heap before
{Heap before GC invocations=233 (full 0):
 garbage-first heap   total 496640K, used 156516K [0x0000000080000000, 0x0000000100000000)
  region size 1024K, 24 young (24576K), 20 survivors (20480K)
 Metaspace       used 147462K, capacity 152134K, committed 155904K, reserved 1183744K
  class space    used 18058K, capacity 20012K, committed 21760K, reserved 1048576K
}
Event: 21242.818 GC heap after
{Heap after GC invocations=234 (full 0):
 garbage-first heap   total 496640K, used 143481K [0x0000000080000000, 0x0000000100000000)
  region size 1024K, 3 young (3072K), 3 survivors (3072K)
 Metaspace       used 147462K, capacity 152134K, committed 155904K, reserved 1183744K
  class space    used 18058K, capacity 20012K, committed 21760K, reserved 1048576K
}
Event: 21242.942 GC heap before
{Heap before GC invocations=234 (full 0):
 garbage-first heap   total 496640K, used 184441K [0x0000000080000000, 0x0000000100000000)
  region size 1024K, 45 young (46080K), 3 survivors (3072K)
 Metaspace       used 147505K, capacity 152202K, committed 155904K, reserved 1183744K
  class space    used 18058K, capacity 20013K, committed 21760K, reserved 1048576K
}
Event: 21242.958 GC heap after
{Heap after GC invocations=235 (full 0):
 garbage-first heap   total 496640K, used 143670K [0x0000000080000000, 0x0000000100000000)
  region size 1024K, 3 young (3072K), 3 survivors (3072K)
 Metaspace       used 147505K, capacity 152202K, committed 155904K, reserved 1183744K
  class space    used 18058K, capacity 20013K, committed 21760K, reserved 1048576K
}
Event: 23723.483 GC heap before
{Heap before GC invocations=236 (full 0):
 garbage-first heap   total 496640K, used 323894K [0x0000000080000000, 0x0000000100000000)
  region size 1024K, 118 young (120832K), 3 survivors (3072K)
 Metaspace       used 147624K, capacity 152349K, committed 155904K, reserved 1183744K
  class space    used 18071K, capacity 20037K, committed 21760K, reserved 1048576K
}
Event: 23724.145 GC heap after
{Heap after GC invocations=237 (full 0):
 garbage-first heap   total 496640K, used 143061K [0x0000000080000000, 0x0000000100000000)
  region size 1024K, 3 young (3072K), 3 survivors (3072K)
 Metaspace       used 147624K, capacity 152349K, committed 155904K, reserved 1183744K
  class space    used 18071K, capacity 20037K, committed 21760K, reserved 1048576K
}
Event: 23726.833 GC heap before
{Heap before GC invocations=237 (full 0):
 garbage-first heap   total 496640K, used 163541K [0x0000000080000000, 0x0000000100000000)
  region size 1024K, 24 young (24576K), 3 survivors (3072K)
 Metaspace       used 147636K, capacity 152413K, committed 155904K, reserved 1183744K
  class space    used 18072K, capacity 20037K, committed 21760K, reserved 1048576K
}
Event: 23726.964 GC heap after
{Heap after GC invocations=238 (full 0):
 garbage-first heap   total 496640K, used 143043K [0x0000000080000000, 0x0000000100000000)
  region size 1024K, 3 young (3072K), 3 survivors (3072K)
 Metaspace       used 147636K, capacity 152413K, committed 155904K, reserved 1183744K
  class space    used 18072K, capacity 20037K, committed 21760K, reserved 1048576K
}
Event: 23727.862 GC heap before
{Heap before GC invocations=238 (full 0):
 garbage-first heap   total 496640K, used 163523K [0x0000000080000000, 0x0000000100000000)
  region size 1024K, 24 young (24576K), 3 survivors (3072K)
 Metaspace       used 147637K, capacity 152413K, committed 155904K, reserved 1183744K
  class space    used 18072K, capacity 20037K, committed 21760K, reserved 1048576K
}
Event: 23727.935 GC heap after
{Heap after GC invocations=239 (full 0):
 garbage-first heap   total 496640K, used 146110K [0x0000000080000000, 0x0000000100000000)
  region size 1024K, 3 young (3072K), 3 survivors (3072K)
 Metaspace       used 147637K, capacity 152413K, committed 155904K, reserved 1183744K
  class space    used 18072K, capacity 20037K, committed 21760K, reserved 1048576K
}
Event: 23730.635 GC heap before
{Heap before GC invocations=240 (full 0):
 garbage-first heap   total 496640K, used 188094K [0x0000000080000000, 0x0000000100000000)
  region size 1024K, 46 young (47104K), 3 survivors (3072K)
 Metaspace       used 147266K, capacity 151806K, committed 155904K, reserved 1183744K
  class space    used 17961K, capacity 19828K, committed 21760K, reserved 1048576K
}
Event: 23730.690 GC heap after
{Heap after GC invocations=241 (full 0):
 garbage-first heap   total 496640K, used 147054K [0x0000000080000000, 0x0000000100000000)
  region size 1024K, 5 young (5120K), 5 survivors (5120K)
 Metaspace       used 147266K, capacity 151806K, committed 155904K, reserved 1183744K
  class space    used 17961K, capacity 19828K, committed 21760K, reserved 1048576K
}
Event: 23734.158 GC heap before
{Heap before GC invocations=241 (full 0):
 garbage-first heap   total 496640K, used 165486K [0x0000000080000000, 0x0000000100000000)
  region size 1024K, 24 young (24576K), 5 survivors (5120K)
 Metaspace       used 147292K, capacity 151851K, committed 155904K, reserved 1183744K
  class space    used 17969K, capacity 19843K, committed 21760K, reserved 1048576K
}
Event: 23734.194 GC heap after
{Heap after GC invocations=242 (full 0):
 garbage-first heap   total 496640K, used 128040K [0x0000000080000000, 0x0000000100000000)
  region size 1024K, 3 young (3072K), 3 survivors (3072K)
 Metaspace       used 147292K, capacity 151851K, committed 155904K, reserved 1183744K
  class space    used 17969K, capacity 19843K, committed 21760K, reserved 1048576K
}
Event: 23734.587 GC heap before
{Heap before GC invocations=242 (full 0):
 garbage-first heap   total 496640K, used 176168K [0x0000000080000000, 0x0000000100000000)
  region size 1024K, 52 young (53248K), 3 survivors (3072K)
 Metaspace       used 147304K, capacity 151915K, committed 156160K, reserved 1183744K
  class space    used 17969K, capacity 19843K, committed 21760K, reserved 1048576K
}
Event: 23734.623 GC heap after
{Heap after GC invocations=243 (full 0):
 garbage-first heap   total 496640K, used 131606K [0x0000000080000000, 0x0000000100000000)
  region size 1024K, 7 young (7168K), 7 survivors (7168K)
 Metaspace       used 147304K, capacity 151915K, committed 156160K, reserved 1183744K
  class space    used 17969K, capacity 19843K, committed 21760K, reserved 1048576K
}
Event: 23740.247 GC heap before
{Heap before GC invocations=244 (full 0):
 garbage-first heap   total 496640K, used 211478K [0x0000000080000000, 0x0000000100000000)
  region size 1024K, 83 young (84992K), 7 survivors (7168K)
 Metaspace       used 147450K, capacity 152033K, committed 156160K, reserved 1183744K
  class space    used 17978K, capacity 19859K, committed 21760K, reserved 1048576K
}
Event: 23740.261 GC heap after
{Heap after GC invocations=245 (full 0):
 garbage-first heap   total 496640K, used 134015K [0x0000000080000000, 0x0000000100000000)
  region size 1024K, 6 young (6144K), 6 survivors (6144K)
 Metaspace       used 147450K, capacity 152033K, committed 156160K, reserved 1183744K
  class space    used 17978K, capacity 19859K, committed 21760K, reserved 1048576K
}
Event: 23742.116 GC heap before
{Heap before GC invocations=245 (full 0):
 garbage-first heap   total 496640K, used 210815K [0x0000000080000000, 0x0000000100000000)
  region size 1024K, 24 young (24576K), 6 survivors (6144K)
 Metaspace       used 147499K, capacity 152144K, committed 156160K, reserved 1183744K
  class space    used 17985K, capacity 19873K, committed 21760K, reserved 1048576K
}
Event: 23742.133 GC heap after
{Heap after GC invocations=246 (full 0):
 garbage-first heap   total 496640K, used 128207K [0x0000000080000000, 0x0000000100000000)
  region size 1024K, 2 young (2048K), 2 survivors (2048K)
 Metaspace       used 147499K, capacity 152144K, committed 156160K, reserved 1183744K
  class space    used 17985K, capacity 19873K, committed 21760K, reserved 1048576K
}

