# JRE version: OpenJDK Runtime Environment (11.0.15) (build 11.0.15+0-b2043.56-9505619)
# Java VM: OpenJDK 64-Bit Server VM (11.0.15+0-b2043.56-9505619, mixed mode, tiered, compressed oops, g1 gc, windows-amd64)
Heap:
 garbage-first heap   total 820224K, used 188805K [0x0000000080000000, 0x0000000100000000)
  region size 1024K, 8 young (8192K), 8 survivors (8192K)
 Metaspace       used 112212K, capacity 115540K, committed 115712K, reserved 1148928K
  class space    used 14507K, capacity 15840K, committed 15872K, reserved 1048576K
GC Heap History (20 events):
Event: 46.645 GC heap after
{Heap after GC invocations=70 (full 0):
 garbage-first heap   total 227328K, used 121750K [0x0000000080000000, 0x0000000100000000)
  region size 1024K, 1 young (1024K), 1 survivors (1024K)
 Metaspace       used 109885K, capacity 113179K, committed 113280K, reserved 1146880K
  class space    used 14340K, capacity 15653K, committed 15744K, reserved 1048576K
}
Event: 46.813 GC heap before
{Heap before GC invocations=70 (full 0):
 garbage-first heap   total 227328K, used 162710K [0x0000000080000000, 0x0000000100000000)
  region size 1024K, 41 young (41984K), 1 survivors (1024K)
 Metaspace       used 110028K, capacity 113330K, committed 113536K, reserved 1146880K
  class space    used 14340K, capacity 15654K, committed 15744K, reserved 1048576K
}
Event: 46.816 GC heap after
{Heap after GC invocations=71 (full 0):
 garbage-first heap   total 227328K, used 121929K [0x0000000080000000, 0x0000000100000000)
  region size 1024K, 1 young (1024K), 1 survivors (1024K)
 Metaspace       used 110028K, capacity 113330K, committed 113536K, reserved 1146880K
  class space    used 14340K, capacity 15654K, committed 15744K, reserved 1048576K
}
Event: 46.992 GC heap before
{Heap before GC invocations=72 (full 0):
 garbage-first heap   total 227328K, used 166985K [0x0000000080000000, 0x0000000100000000)
  region size 1024K, 45 young (46080K), 1 survivors (1024K)
 Metaspace       used 110139K, capacity 113405K, committed 113536K, reserved 1146880K
  class space    used 14340K, capacity 15654K, committed 15744K, reserved 1048576K
}
Event: 46.995 GC heap after
{Heap after GC invocations=73 (full 0):
 garbage-first heap   total 227328K, used 122114K [0x0000000080000000, 0x0000000100000000)
  region size 1024K, 2 young (2048K), 2 survivors (2048K)
 Metaspace       used 110139K, capacity 113405K, committed 113536K, reserved 1146880K
  class space    used 14340K, capacity 15654K, committed 15744K, reserved 1048576K
}
Event: 47.025 GC heap before
{Heap before GC invocations=73 (full 0):
 garbage-first heap   total 227328K, used 131330K [0x0000000080000000, 0x0000000100000000)
  region size 1024K, 11 young (11264K), 2 survivors (2048K)
 Metaspace       used 110186K, capacity 113472K, committed 113792K, reserved 1146880K
  class space    used 14340K, capacity 15654K, committed 15744K, reserved 1048576K
}
Event: 47.028 GC heap after
{Heap after GC invocations=74 (full 0):
 garbage-first heap   total 227328K, used 115562K [0x0000000080000000, 0x0000000100000000)
  region size 1024K, 2 young (2048K), 2 survivors (2048K)
 Metaspace       used 110186K, capacity 113472K, committed 113792K, reserved 1146880K
  class space    used 14340K, capacity 15654K, committed 15744K, reserved 1048576K
}
Event: 47.190 GC heap before
{Heap before GC invocations=74 (full 0):
 garbage-first heap   total 227328K, used 165738K [0x0000000080000000, 0x0000000100000000)
  region size 1024K, 51 young (52224K), 2 survivors (2048K)
 Metaspace       used 110310K, capacity 113547K, committed 113792K, reserved 1146880K
  class space    used 14341K, capacity 15655K, committed 15744K, reserved 1048576K
}
Event: 47.193 GC heap after
{Heap after GC invocations=75 (full 0):
 garbage-first heap   total 227328K, used 115793K [0x0000000080000000, 0x0000000100000000)
  region size 1024K, 2 young (2048K), 2 survivors (2048K)
 Metaspace       used 110310K, capacity 113547K, committed 113792K, reserved 1146880K
  class space    used 14341K, capacity 15655K, committed 15744K, reserved 1048576K
}
Event: 47.389 GC heap before
{Heap before GC invocations=76 (full 0):
 garbage-first heap   total 227328K, used 169041K [0x0000000080000000, 0x0000000100000000)
  region size 1024K, 54 young (55296K), 2 survivors (2048K)
 Metaspace       used 110391K, capacity 113692K, committed 113792K, reserved 1146880K
  class space    used 14343K, capacity 15660K, committed 15744K, reserved 1048576K
}
Event: 47.391 GC heap after
{Heap after GC invocations=77 (full 0):
 garbage-first heap   total 227328K, used 115843K [0x0000000080000000, 0x0000000100000000)
  region size 1024K, 2 young (2048K), 2 survivors (2048K)
 Metaspace       used 110391K, capacity 113692K, committed 113792K, reserved 1146880K
  class space    used 14343K, capacity 15660K, committed 15744K, reserved 1048576K
}
Event: 47.421 GC heap before
{Heap before GC invocations=77 (full 0):
 garbage-first heap   total 227328K, used 125059K [0x0000000080000000, 0x0000000100000000)
  region size 1024K, 11 young (11264K), 2 survivors (2048K)
 Metaspace       used 110431K, capacity 113760K, committed 114048K, reserved 1146880K
  class space    used 14343K, capacity 15660K, committed 15744K, reserved 1048576K
}
Event: 47.426 GC heap after
{Heap after GC invocations=78 (full 0):
 garbage-first heap   total 273408K, used 111523K [0x0000000080000000, 0x0000000100000000)
  region size 1024K, 2 young (2048K), 2 survivors (2048K)
 Metaspace       used 110431K, capacity 113760K, committed 114048K, reserved 1146880K
  class space    used 14343K, capacity 15660K, committed 15744K, reserved 1048576K
}
Event: 48.508 GC heap before
{Heap before GC invocations=78 (full 0):
 garbage-first heap   total 273408K, used 190371K [0x0000000080000000, 0x0000000100000000)
  region size 1024K, 79 young (80896K), 2 survivors (2048K)
 Metaspace       used 110456K, capacity 113764K, committed 114048K, reserved 1146880K
  class space    used 14343K, capacity 15661K, committed 15744K, reserved 1048576K
}
Event: 48.748 GC heap after
{Heap after GC invocations=79 (full 0):
 garbage-first heap   total 273408K, used 111699K [0x0000000080000000, 0x0000000100000000)
  region size 1024K, 2 young (2048K), 2 survivors (2048K)
 Metaspace       used 110456K, capacity 113764K, committed 114048K, reserved 1146880K
  class space    used 14343K, capacity 15661K, committed 15744K, reserved 1048576K
}
Event: 50.893 GC heap before
{Heap before GC invocations=79 (full 0):
 garbage-first heap   total 273408K, used 217171K [0x0000000080000000, 0x0000000100000000)
  region size 1024K, 85 young (87040K), 2 survivors (2048K)
 Metaspace       used 111477K, capacity 114784K, committed 114944K, reserved 1148928K
  class space    used 14425K, capacity 15762K, committed 15872K, reserved 1048576K
}
Event: 50.920 GC heap after
{Heap after GC invocations=80 (full 0):
 garbage-first heap   total 273408K, used 140684K [0x0000000080000000, 0x0000000100000000)
  region size 1024K, 10 young (10240K), 10 survivors (10240K)
 Metaspace       used 111477K, capacity 114784K, committed 114944K, reserved 1148928K
  class space    used 14425K, capacity 15762K, committed 15872K, reserved 1048576K
}
Event: 51.086 GC heap before
{Heap before GC invocations=80 (full 0):
 garbage-first heap   total 273408K, used 225676K [0x0000000080000000, 0x0000000100000000)
  region size 1024K, 49 young (50176K), 10 survivors (10240K)
 Metaspace       used 111764K, capacity 115098K, committed 115200K, reserved 1148928K
  class space    used 14461K, capacity 15802K, committed 15872K, reserved 1048576K
}
Event: 51.109 GC heap after
{Heap after GC invocations=81 (full 0):
 garbage-first heap   total 273408K, used 168223K [0x0000000080000000, 0x0000000100000000)
  region size 1024K, 9 young (9216K), 9 survivors (9216K)
 Metaspace       used 111764K, capacity 115098K, committed 115200K, reserved 1148928K
  class space    used 14461K, capacity 15802K, committed 15872K, reserved 1048576K
}
Event: 51.391 GC heap before
{Heap before GC invocations=81 (full 0):
 garbage-first heap   total 273408K, used 223519K [0x0000000080000000, 0x0000000100000000)
  region size 1024K, 58 young (59392K), 9 survivors (9216K)
 Metaspace       used 112212K, capacity 115540K, committed 115712K, reserved 1148928K
  class space    used 14507K, capacity 15840K, committed 15872K, reserved 1048576K
}

