# JRE version: OpenJDK Runtime Environment (11.0.15) (build 11.0.15+0-b2043.56-9505619)
# Java VM: OpenJDK 64-Bit Server VM (11.0.15+0-b2043.56-9505619, mixed mode, tiered, compressed oops, g1 gc, windows-amd64)
Heap:
 garbage-first heap   total 505856K, used 200568K [0x0000000080000000, 0x0000000100000000)
  region size 1024K, 2 young (2048K), 2 survivors (2048K)
 Metaspace       used 95373K, capacity 98015K, committed 98304K, reserved 1134592K
  class space    used 12451K, capacity 13486K, committed 13568K, reserved 1048576K
GC Heap History (20 events):
Event: 47.458 GC heap after
{Heap after GC invocations=59 (full 0):
 garbage-first heap   total 189440K, used 125918K [0x0000000080000000, 0x0000000100000000)
  region size 1024K, 5 young (5120K), 5 survivors (5120K)
 Metaspace       used 92505K, capacity 95075K, committed 95616K, reserved 1132544K
  class space    used 11999K, capacity 13000K, committed 13184K, reserved 1048576K
}
Event: 47.761 GC heap before
{Heap before GC invocations=59 (full 0):
 garbage-first heap   total 189440K, used 151518K [0x0000000080000000, 0x0000000100000000)
  region size 1024K, 32 young (32768K), 5 survivors (5120K)
 Metaspace       used 94203K, capacity 96773K, committed 97152K, reserved 1132544K
  class space    used 12247K, capacity 13249K, committed 13440K, reserved 1048576K
}
Event: 47.766 GC heap after
{Heap after GC invocations=60 (full 0):
 garbage-first heap   total 189440K, used 126665K [0x0000000080000000, 0x0000000100000000)
  region size 1024K, 1 young (1024K), 1 survivors (1024K)
 Metaspace       used 94203K, capacity 96773K, committed 97152K, reserved 1132544K
  class space    used 12247K, capacity 13249K, committed 13440K, reserved 1048576K
}
Event: 47.797 GC heap before
{Heap before GC invocations=60 (full 0):
 garbage-first heap   total 192512K, used 191177K [0x0000000080000000, 0x0000000100000000)
  region size 1024K, 19 young (19456K), 1 survivors (1024K)
 Metaspace       used 94214K, capacity 96773K, committed 97152K, reserved 1132544K
  class space    used 12247K, capacity 13249K, committed 13440K, reserved 1048576K
}
Event: 47.802 GC heap after
{Heap after GC invocations=61 (full 0):
 garbage-first heap   total 199680K, used 151300K [0x0000000080000000, 0x0000000100000000)
  region size 1024K, 4 young (4096K), 4 survivors (4096K)
 Metaspace       used 94214K, capacity 96773K, committed 97152K, reserved 1132544K
  class space    used 12247K, capacity 13249K, committed 13440K, reserved 1048576K
}
Event: 48.003 GC heap before
{Heap before GC invocations=62 (full 0):
 garbage-first heap   total 199680K, used 173828K [0x0000000080000000, 0x0000000100000000)
  region size 1024K, 23 young (23552K), 4 survivors (4096K)
 Metaspace       used 94487K, capacity 97005K, committed 97408K, reserved 1132544K
  class space    used 12290K, capacity 13283K, committed 13440K, reserved 1048576K
}
Event: 48.011 GC heap after
{Heap after GC invocations=63 (full 0):
 garbage-first heap   total 199680K, used 159849K [0x0000000080000000, 0x0000000100000000)
  region size 1024K, 3 young (3072K), 3 survivors (3072K)
 Metaspace       used 94487K, capacity 97005K, committed 97408K, reserved 1132544K
  class space    used 12290K, capacity 13283K, committed 13440K, reserved 1048576K
}
Event: 48.073 GC heap before
{Heap before GC invocations=63 (full 0):
 garbage-first heap   total 199680K, used 169065K [0x0000000080000000, 0x0000000100000000)
  region size 1024K, 13 young (13312K), 3 survivors (3072K)
 Metaspace       used 94487K, capacity 97005K, committed 97408K, reserved 1132544K
  class space    used 12290K, capacity 13283K, committed 13440K, reserved 1048576K
}
Event: 48.085 GC heap after
{Heap after GC invocations=64 (full 0):
 garbage-first heap   total 199680K, used 164716K [0x0000000080000000, 0x0000000100000000)
  region size 1024K, 2 young (2048K), 2 survivors (2048K)
 Metaspace       used 94487K, capacity 97005K, committed 97408K, reserved 1132544K
  class space    used 12290K, capacity 13283K, committed 13440K, reserved 1048576K
}
Event: 48.137 GC heap before
{Heap before GC invocations=64 (full 0):
 garbage-first heap   total 199680K, used 170860K [0x0000000080000000, 0x0000000100000000)
  region size 1024K, 9 young (9216K), 2 survivors (2048K)
 Metaspace       used 94488K, capacity 97005K, committed 97408K, reserved 1132544K
  class space    used 12290K, capacity 13283K, committed 13440K, reserved 1048576K
}
Event: 48.144 GC heap after
{Heap after GC invocations=65 (full 0):
 garbage-first heap   total 199680K, used 167662K [0x0000000080000000, 0x0000000100000000)
  region size 1024K, 2 young (2048K), 2 survivors (2048K)
 Metaspace       used 94488K, capacity 97005K, committed 97408K, reserved 1132544K
  class space    used 12290K, capacity 13283K, committed 13440K, reserved 1048576K
}
Event: 48.226 GC heap before
{Heap before GC invocations=65 (full 0):
 garbage-first heap   total 199680K, used 176878K [0x0000000080000000, 0x0000000100000000)
  region size 1024K, 9 young (9216K), 2 survivors (2048K)
 Metaspace       used 94488K, capacity 97005K, committed 97408K, reserved 1132544K
  class space    used 12290K, capacity 13283K, committed 13440K, reserved 1048576K
}
Event: 48.237 GC heap after
{Heap after GC invocations=66 (full 0):
 garbage-first heap   total 258048K, used 172906K [0x0000000080000000, 0x0000000100000000)
  region size 1024K, 2 young (2048K), 2 survivors (2048K)
 Metaspace       used 94488K, capacity 97005K, committed 97408K, reserved 1132544K
  class space    used 12290K, capacity 13283K, committed 13440K, reserved 1048576K
}
Event: 48.437 GC heap before
{Heap before GC invocations=67 (full 0):
 garbage-first heap   total 258048K, used 197482K [0x0000000080000000, 0x0000000100000000)
  region size 1024K, 27 young (27648K), 2 survivors (2048K)
 Metaspace       used 94488K, capacity 97005K, committed 97408K, reserved 1132544K
  class space    used 12290K, capacity 13283K, committed 13440K, reserved 1048576K
}
Event: 48.457 GC heap after
{Heap after GC invocations=68 (full 0):
 garbage-first heap   total 258048K, used 182269K [0x0000000080000000, 0x0000000100000000)
  region size 1024K, 4 young (4096K), 4 survivors (4096K)
 Metaspace       used 94488K, capacity 97005K, committed 97408K, reserved 1132544K
  class space    used 12290K, capacity 13283K, committed 13440K, reserved 1048576K
}
Event: 48.498 GC heap before
{Heap before GC invocations=68 (full 0):
 garbage-first heap   total 258048K, used 189437K [0x0000000080000000, 0x0000000100000000)
  region size 1024K, 12 young (12288K), 4 survivors (4096K)
 Metaspace       used 94488K, capacity 97005K, committed 97408K, reserved 1132544K
  class space    used 12290K, capacity 13283K, committed 13440K, reserved 1048576K
}
Event: 48.509 GC heap after
{Heap after GC invocations=69 (full 0):
 garbage-first heap   total 258048K, used 186354K [0x0000000080000000, 0x0000000100000000)
  region size 1024K, 4 young (4096K), 4 survivors (4096K)
 Metaspace       used 94488K, capacity 97005K, committed 97408K, reserved 1132544K
  class space    used 12290K, capacity 13283K, committed 13440K, reserved 1048576K
}
Event: 48.694 GC heap before
{Heap before GC invocations=69 (full 0):
 garbage-first heap   total 258048K, used 208882K [0x0000000080000000, 0x0000000100000000)
  region size 1024K, 22 young (22528K), 4 survivors (4096K)
 Metaspace       used 94488K, capacity 97005K, committed 97408K, reserved 1132544K
  class space    used 12290K, capacity 13283K, committed 13440K, reserved 1048576K
}
Event: 48.715 GC heap after
{Heap after GC invocations=70 (full 0):
 garbage-first heap   total 258048K, used 198821K [0x0000000080000000, 0x0000000100000000)
  region size 1024K, 3 young (3072K), 3 survivors (3072K)
 Metaspace       used 94488K, capacity 97005K, committed 97408K, reserved 1132544K
  class space    used 12290K, capacity 13283K, committed 13440K, reserved 1048576K
}
Event: 48.847 GC heap before
{Heap before GC invocations=71 (full 0):
 garbage-first heap   total 258048K, used 212133K [0x0000000080000000, 0x0000000100000000)
  region size 1024K, 16 young (16384K), 3 survivors (3072K)
 Metaspace       used 95373K, capacity 98015K, committed 98304K, reserved 1134592K
  class space    used 12451K, capacity 13486K, committed 13568K, reserved 1048576K
}

