# JRE version: OpenJDK Runtime Environment (11.0.15) (build 11.0.15+0-b2043.56-9505619)
# Java VM: OpenJDK 64-Bit Server VM (11.0.15+0-b2043.56-9505619, mixed mode, tiered, compressed oops, g1 gc, windows-amd64)
Heap:
 garbage-first heap   total 418816K, used 169547K [0x0000000080000000, 0x0000000100000000)
  region size 1024K, 2 young (2048K), 2 survivors (2048K)
 Metaspace       used 94575K, capacity 97087K, committed 97280K, reserved 1132544K
  class space    used 12302K, capacity 13292K, committed 13312K, reserved 1048576K
GC Heap History (20 events):
Event: 64.427 GC heap after
{Heap after GC invocations=64 (full 0):
 garbage-first heap   total 157696K, used 127948K [0x0000000080000000, 0x0000000100000000)
  region size 1024K, 2 young (2048K), 2 survivors (2048K)
 Metaspace       used 91262K, capacity 93757K, committed 94080K, reserved 1130496K
  class space    used 11835K, capacity 12818K, committed 12928K, reserved 1048576K
}
Event: 64.500 GC heap before
{Heap before GC invocations=65 (full 0):
 garbage-first heap   total 157696K, used 136140K [0x0000000080000000, 0x0000000100000000)
  region size 1024K, 11 young (11264K), 2 survivors (2048K)
 Metaspace       used 91708K, capacity 94165K, committed 94336K, reserved 1130496K
  class space    used 11895K, capacity 12890K, committed 12928K, reserved 1048576K
}
Event: 64.502 GC heap after
{Heap after GC invocations=66 (full 0):
 garbage-first heap   total 157696K, used 128247K [0x0000000080000000, 0x0000000100000000)
  region size 1024K, 1 young (1024K), 1 survivors (1024K)
 Metaspace       used 91708K, capacity 94165K, committed 94336K, reserved 1130496K
  class space    used 11895K, capacity 12890K, committed 12928K, reserved 1048576K
}
Event: 64.566 GC heap before
{Heap before GC invocations=66 (full 0):
 garbage-first heap   total 157696K, used 136439K [0x0000000080000000, 0x0000000100000000)
  region size 1024K, 9 young (9216K), 1 survivors (1024K)
 Metaspace       used 92284K, capacity 94790K, committed 94976K, reserved 1130496K
  class space    used 11979K, capacity 12971K, committed 13056K, reserved 1048576K
}
Event: 64.569 GC heap after
{Heap after GC invocations=67 (full 0):
 garbage-first heap   total 157696K, used 128223K [0x0000000080000000, 0x0000000100000000)
  region size 1024K, 1 young (1024K), 1 survivors (1024K)
 Metaspace       used 92284K, capacity 94790K, committed 94976K, reserved 1130496K
  class space    used 11979K, capacity 12971K, committed 13056K, reserved 1048576K
}
Event: 64.726 GC heap before
{Heap before GC invocations=68 (full 0):
 garbage-first heap   total 157696K, used 136415K [0x0000000080000000, 0x0000000100000000)
  region size 1024K, 10 young (10240K), 1 survivors (1024K)
 Metaspace       used 92936K, capacity 95422K, committed 95616K, reserved 1132544K
  class space    used 12078K, capacity 13076K, committed 13184K, reserved 1048576K
}
Event: 64.728 GC heap after
{Heap after GC invocations=69 (full 0):
 garbage-first heap   total 157696K, used 128597K [0x0000000080000000, 0x0000000100000000)
  region size 1024K, 1 young (1024K), 1 survivors (1024K)
 Metaspace       used 92936K, capacity 95422K, committed 95616K, reserved 1132544K
  class space    used 12078K, capacity 13076K, committed 13184K, reserved 1048576K
}
Event: 64.781 GC heap before
{Heap before GC invocations=69 (full 0):
 garbage-first heap   total 157696K, used 137813K [0x0000000080000000, 0x0000000100000000)
  region size 1024K, 10 young (10240K), 1 survivors (1024K)
 Metaspace       used 93437K, capacity 95937K, committed 96128K, reserved 1132544K
  class space    used 12145K, capacity 13141K, committed 13184K, reserved 1048576K
}
Event: 64.783 GC heap after
{Heap after GC invocations=70 (full 0):
 garbage-first heap   total 157696K, used 128687K [0x0000000080000000, 0x0000000100000000)
  region size 1024K, 1 young (1024K), 1 survivors (1024K)
 Metaspace       used 93437K, capacity 95937K, committed 96128K, reserved 1132544K
  class space    used 12145K, capacity 13141K, committed 13184K, reserved 1048576K
}
Event: 64.876 GC heap before
{Heap before GC invocations=70 (full 0):
 garbage-first heap   total 157696K, used 137903K [0x0000000080000000, 0x0000000100000000)
  region size 1024K, 10 young (10240K), 1 survivors (1024K)
 Metaspace       used 93947K, capacity 96486K, committed 96768K, reserved 1132544K
  class space    used 12207K, capacity 13218K, committed 13312K, reserved 1048576K
}
Event: 64.879 GC heap after
{Heap after GC invocations=71 (full 0):
 garbage-first heap   total 157696K, used 128733K [0x0000000080000000, 0x0000000100000000)
  region size 1024K, 1 young (1024K), 1 survivors (1024K)
 Metaspace       used 93947K, capacity 96486K, committed 96768K, reserved 1132544K
  class space    used 12207K, capacity 13218K, committed 13312K, reserved 1048576K
}
Event: 64.913 GC heap before
{Heap before GC invocations=72 (full 0):
 garbage-first heap   total 157696K, used 132829K [0x0000000080000000, 0x0000000100000000)
  region size 1024K, 6 young (6144K), 1 survivors (1024K)
 Metaspace       used 94234K, capacity 96727K, committed 97024K, reserved 1132544K
  class space    used 12259K, capacity 13258K, committed 13312K, reserved 1048576K
}
Event: 64.916 GC heap after
{Heap after GC invocations=73 (full 0):
 garbage-first heap   total 189440K, used 129295K [0x0000000080000000, 0x0000000100000000)
  region size 1024K, 2 young (2048K), 2 survivors (2048K)
 Metaspace       used 94234K, capacity 96727K, committed 97024K, reserved 1132544K
  class space    used 12259K, capacity 13258K, committed 13312K, reserved 1048576K
}
Event: 64.979 GC heap before
{Heap before GC invocations=73 (full 0):
 garbage-first heap   total 195584K, used 193807K [0x0000000080000000, 0x0000000100000000)
  region size 1024K, 20 young (20480K), 2 survivors (2048K)
 Metaspace       used 94245K, capacity 96791K, committed 97024K, reserved 1132544K
  class space    used 12259K, capacity 13258K, committed 13312K, reserved 1048576K
}
Event: 65.016 GC heap after
{Heap after GC invocations=74 (full 0):
 garbage-first heap   total 203776K, used 153950K [0x0000000080000000, 0x0000000100000000)
  region size 1024K, 3 young (3072K), 3 survivors (3072K)
 Metaspace       used 94245K, capacity 96791K, committed 97024K, reserved 1132544K
  class space    used 12259K, capacity 13258K, committed 13312K, reserved 1048576K
}
Event: 65.131 GC heap before
{Heap before GC invocations=75 (full 0):
 garbage-first heap   total 203776K, used 171358K [0x0000000080000000, 0x0000000100000000)
  region size 1024K, 17 young (17408K), 3 survivors (3072K)
 Metaspace       used 94568K, capacity 97087K, committed 97280K, reserved 1132544K
  class space    used 12302K, capacity 13292K, committed 13312K, reserved 1048576K
}
Event: 65.138 GC heap after
{Heap after GC invocations=76 (full 0):
 garbage-first heap   total 203776K, used 160728K [0x0000000080000000, 0x0000000100000000)
  region size 1024K, 3 young (3072K), 3 survivors (3072K)
 Metaspace       used 94568K, capacity 97087K, committed 97280K, reserved 1132544K
  class space    used 12302K, capacity 13292K, committed 13312K, reserved 1048576K
}
Event: 65.216 GC heap before
{Heap before GC invocations=76 (full 0):
 garbage-first heap   total 203776K, used 171992K [0x0000000080000000, 0x0000000100000000)
  region size 1024K, 14 young (14336K), 3 survivors (3072K)
 Metaspace       used 94575K, capacity 97087K, committed 97280K, reserved 1132544K
  class space    used 12302K, capacity 13292K, committed 13312K, reserved 1048576K
}
Event: 65.225 GC heap after
{Heap after GC invocations=77 (full 0):
 garbage-first heap   total 203776K, used 165051K [0x0000000080000000, 0x0000000100000000)
  region size 1024K, 2 young (2048K), 2 survivors (2048K)
 Metaspace       used 94575K, capacity 97087K, committed 97280K, reserved 1132544K
  class space    used 12302K, capacity 13292K, committed 13312K, reserved 1048576K
}
Event: 65.302 GC heap before
{Heap before GC invocations=77 (full 0):
 garbage-first heap   total 203776K, used 173243K [0x0000000080000000, 0x0000000100000000)
  region size 1024K, 11 young (11264K), 2 survivors (2048K)
 Metaspace       used 94575K, capacity 97087K, committed 97280K, reserved 1132544K
  class space    used 12302K, capacity 13292K, committed 13312K, reserved 1048576K
}

