# JRE version: OpenJDK Runtime Environment (11.0.15) (build 11.0.15+0-b2043.56-9505619)
# Java VM: OpenJDK 64-Bit Server VM (11.0.15+0-b2043.56-9505619, mixed mode, tiered, compressed oops, g1 gc, windows-amd64)
Heap:
 garbage-first heap   total 157696K, used 84723K [0x0000000080000000, 0x0000000100000000)
  region size 1024K, 23 young (23552K), 9 survivors (9216K)
 Metaspace       used 81559K, capacity 83627K, committed 83968K, reserved 1122304K
  class space    used 10650K, capacity 11418K, committed 11520K, reserved 1048576K
GC Heap History (20 events):
Event: 14.816 GC heap before
{Heap before GC invocations=18 (full 0):
 garbage-first heap   total 157696K, used 124132K [0x0000000080000000, 0x0000000100000000)
  region size 1024K, 92 young (94208K), 12 survivors (12288K)
 Metaspace       used 56060K, capacity 57530K, committed 57600K, reserved 1099776K
  class space    used 7042K, capacity 7637K, committed 7680K, reserved 1048576K
}
Event: 14.824 GC heap after
{Heap after GC invocations=19 (full 0):
 garbage-first heap   total 157696K, used 43962K [0x0000000080000000, 0x0000000100000000)
  region size 1024K, 2 young (2048K), 2 survivors (2048K)
 Metaspace       used 56060K, capacity 57530K, committed 57600K, reserved 1099776K
  class space    used 7042K, capacity 7637K, committed 7680K, reserved 1048576K
}
Event: 15.215 GC heap before
{Heap before GC invocations=19 (full 0):
 garbage-first heap   total 157696K, used 90042K [0x0000000080000000, 0x0000000100000000)
  region size 1024K, 48 young (49152K), 2 survivors (2048K)
 Metaspace       used 58491K, capacity 60034K, committed 60160K, reserved 1101824K
  class space    used 7388K, capacity 7992K, committed 8064K, reserved 1048576K
}
Event: 15.219 GC heap after
{Heap after GC invocations=20 (full 0):
 garbage-first heap   total 157696K, used 44201K [0x0000000080000000, 0x0000000100000000)
  region size 1024K, 2 young (2048K), 2 survivors (2048K)
 Metaspace       used 58491K, capacity 60034K, committed 60160K, reserved 1101824K
  class space    used 7388K, capacity 7992K, committed 8064K, reserved 1048576K
}
Event: 15.696 GC heap before
{Heap before GC invocations=21 (full 0):
 garbage-first heap   total 157696K, used 129193K [0x0000000080000000, 0x0000000100000000)
  region size 1024K, 78 young (79872K), 2 survivors (2048K)
 Metaspace       used 61750K, capacity 63385K, committed 63488K, reserved 1103872K
  class space    used 7808K, capacity 8448K, committed 8448K, reserved 1048576K
}
Event: 15.701 GC heap after
{Heap after GC invocations=22 (full 0):
 garbage-first heap   total 157696K, used 47936K [0x0000000080000000, 0x0000000100000000)
  region size 1024K, 6 young (6144K), 6 survivors (6144K)
 Metaspace       used 61750K, capacity 63385K, committed 63488K, reserved 1103872K
  class space    used 7808K, capacity 8448K, committed 8448K, reserved 1048576K
}
Event: 16.123 GC heap before
{Heap before GC invocations=22 (full 0):
 garbage-first heap   total 157696K, used 122688K [0x0000000080000000, 0x0000000100000000)
  region size 1024K, 79 young (80896K), 6 survivors (6144K)
 Metaspace       used 64711K, capacity 66357K, committed 66432K, reserved 1107968K
  class space    used 8183K, capacity 8815K, committed 8832K, reserved 1048576K
}
Event: 16.128 GC heap after
{Heap after GC invocations=23 (full 0):
 garbage-first heap   total 157696K, used 50597K [0x0000000080000000, 0x0000000100000000)
  region size 1024K, 8 young (8192K), 8 survivors (8192K)
 Metaspace       used 64711K, capacity 66357K, committed 66432K, reserved 1107968K
  class space    used 8183K, capacity 8815K, committed 8832K, reserved 1048576K
}
Event: 16.544 GC heap before
{Heap before GC invocations=23 (full 0):
 garbage-first heap   total 157696K, used 124325K [0x0000000080000000, 0x0000000100000000)
  region size 1024K, 80 young (81920K), 8 survivors (8192K)
 Metaspace       used 66077K, capacity 67827K, committed 67968K, reserved 1107968K
  class space    used 8369K, capacity 9065K, committed 9088K, reserved 1048576K
}
Event: 16.550 GC heap after
{Heap after GC invocations=24 (full 0):
 garbage-first heap   total 157696K, used 54953K [0x0000000080000000, 0x0000000100000000)
  region size 1024K, 7 young (7168K), 7 survivors (7168K)
 Metaspace       used 66077K, capacity 67827K, committed 67968K, reserved 1107968K
  class space    used 8369K, capacity 9065K, committed 9088K, reserved 1048576K
}
Event: 17.098 GC heap before
{Heap before GC invocations=24 (full 0):
 garbage-first heap   total 157696K, used 126633K [0x0000000080000000, 0x0000000100000000)
  region size 1024K, 77 young (78848K), 7 survivors (7168K)
 Metaspace       used 69134K, capacity 70852K, committed 71040K, reserved 1110016K
  class space    used 8846K, capacity 9517K, committed 9600K, reserved 1048576K
}
Event: 17.103 GC heap after
{Heap after GC invocations=25 (full 0):
 garbage-first heap   total 157696K, used 56812K [0x0000000080000000, 0x0000000100000000)
  region size 1024K, 6 young (6144K), 6 survivors (6144K)
 Metaspace       used 69134K, capacity 70852K, committed 71040K, reserved 1110016K
  class space    used 8846K, capacity 9517K, committed 9600K, reserved 1048576K
}
Event: 17.670 GC heap before
{Heap before GC invocations=25 (full 0):
 garbage-first heap   total 157696K, used 128492K [0x0000000080000000, 0x0000000100000000)
  region size 1024K, 76 young (77824K), 6 survivors (6144K)
 Metaspace       used 72139K, capacity 73872K, committed 74112K, reserved 1114112K
  class space    used 9349K, capacity 10030K, committed 10112K, reserved 1048576K
}
Event: 17.676 GC heap after
{Heap after GC invocations=26 (full 0):
 garbage-first heap   total 157696K, used 59330K [0x0000000080000000, 0x0000000100000000)
  region size 1024K, 5 young (5120K), 5 survivors (5120K)
 Metaspace       used 72139K, capacity 73872K, committed 74112K, reserved 1114112K
  class space    used 9349K, capacity 10030K, committed 10112K, reserved 1048576K
}
Event: 18.085 GC heap before
{Heap before GC invocations=26 (full 0):
 garbage-first heap   total 157696K, used 129986K [0x0000000080000000, 0x0000000100000000)
  region size 1024K, 74 young (75776K), 5 survivors (5120K)
 Metaspace       used 74378K, capacity 76234K, committed 76544K, reserved 1116160K
  class space    used 9686K, capacity 10432K, committed 10496K, reserved 1048576K
}
Event: 18.090 GC heap after
{Heap after GC invocations=27 (full 0):
 garbage-first heap   total 157696K, used 62120K [0x0000000080000000, 0x0000000100000000)
  region size 1024K, 8 young (8192K), 8 survivors (8192K)
 Metaspace       used 74378K, capacity 76234K, committed 76544K, reserved 1116160K
  class space    used 9686K, capacity 10432K, committed 10496K, reserved 1048576K
}
Event: 18.517 GC heap before
{Heap before GC invocations=27 (full 0):
 garbage-first heap   total 157696K, used 129704K [0x0000000080000000, 0x0000000100000000)
  region size 1024K, 74 young (75776K), 8 survivors (8192K)
 Metaspace       used 77163K, capacity 79020K, committed 79232K, reserved 1118208K
  class space    used 10120K, capacity 10847K, committed 10880K, reserved 1048576K
}
Event: 18.523 GC heap after
{Heap after GC invocations=28 (full 0):
 garbage-first heap   total 157696K, used 63917K [0x0000000080000000, 0x0000000100000000)
  region size 1024K, 5 young (5120K), 5 survivors (5120K)
 Metaspace       used 77163K, capacity 79020K, committed 79232K, reserved 1118208K
  class space    used 10120K, capacity 10847K, committed 10880K, reserved 1048576K
}
Event: 19.023 GC heap before
{Heap before GC invocations=28 (full 0):
 garbage-first heap   total 157696K, used 132525K [0x0000000080000000, 0x0000000100000000)
  region size 1024K, 72 young (73728K), 5 survivors (5120K)
 Metaspace       used 80296K, capacity 82240K, committed 82432K, reserved 1120256K
  class space    used 10497K, capacity 11256K, committed 11264K, reserved 1048576K
}
Event: 19.028 GC heap after
{Heap after GC invocations=29 (full 0):
 garbage-first heap   total 157696K, used 65908K [0x0000000080000000, 0x0000000100000000)
  region size 1024K, 7 young (7168K), 7 survivors (7168K)
 Metaspace       used 80296K, capacity 82240K, committed 82432K, reserved 1120256K
  class space    used 10497K, capacity 11256K, committed 11264K, reserved 1048576K
}

